2025-01-21 15:48:41 [main] INFO  HospitalProject.testCases.ABCDHospitalBaseOld - Performing an action.
2025-01-21 15:48:41 [main] ERROR HospitalProject.testCases.ABCDHospitalBaseOld - An error occurred.
2025-01-21 15:48:41 [AsyncHttpClient-1-4] WARN  org.asynchttpclient.netty.handler.WebSocketHandler - onError
java.net.SocketException: Connection reset
	at java.base/sun.nio.ch.SocketChannelImpl.throwConnectionReset(SocketChannelImpl.java:403)
	at java.base/sun.nio.ch.SocketChannelImpl.implRead(SocketChannelImpl.java:435)
	at java.base/sun.nio.ch.SocketChannelImpl.read(SocketChannelImpl.java:493)
	at io.netty.buffer.PooledByteBuf.setBytes(PooledByteBuf.java:256)
	at io.netty.buffer.AbstractByteBuf.writeBytes(AbstractByteBuf.java:1132)
	at io.netty.channel.socket.nio.NioSocketChannel.doReadBytes(NioSocketChannel.java:357)
	at io.netty.channel.nio.AbstractNioByteChannel$NioByteUnsafe.read(AbstractNioByteChannel.java:151)
	at io.netty.channel.nio.NioEventLoop.processSelectedKey(NioEventLoop.java:788)
	at io.netty.channel.nio.NioEventLoop.processSelectedKeysOptimized(NioEventLoop.java:724)
	at io.netty.channel.nio.NioEventLoop.processSelectedKeys(NioEventLoop.java:650)
	at io.netty.channel.nio.NioEventLoop.run(NioEventLoop.java:562)
	at io.netty.util.concurrent.SingleThreadEventExecutor$4.run(SingleThreadEventExecutor.java:997)
	at io.netty.util.internal.ThreadExecutorMap$2.run(ThreadExecutorMap.java:74)
	at io.netty.util.concurrent.FastThreadLocalRunnable.run(FastThreadLocalRunnable.java:30)
	at java.base/java.lang.Thread.run(Thread.java:1570)
2025-01-21 15:48:42 [main] INFO  HospitalProject.testComponenets.BaseTest - ====================================================================================
2025-01-21 15:48:42 [main] INFO  HospitalProject.testComponenets.BaseTest - *********************************Test Start*****************************************
2025-01-21 15:48:42 [main] INFO  HospitalProject.testComponenets.BaseTest - Opening the Website!!!!
2025-01-21 15:48:42 [main] INFO  HospitalProject.testComponenets.BaseTest - Webiste URL: http://localhost/ABCD%20Hospital/
2025-01-21 15:49:16 [main] INFO  HospitalProject.testComponenets.BaseTest - *********************************Test End*****************************************
2025-01-21 15:49:16 [main] INFO  HospitalProject.testComponenets.BaseTest - ====================================================================================
2025-01-21 15:49:16 [main] INFO  HospitalProject.testComponenets.BaseTest - Closing the Browser
2025-01-21 15:49:16 [AsyncHttpClient-1-7] WARN  org.asynchttpclient.netty.handler.WebSocketHandler - onError
java.net.SocketException: Connection reset
	at java.base/sun.nio.ch.SocketChannelImpl.throwConnectionReset(SocketChannelImpl.java:403)
	at java.base/sun.nio.ch.SocketChannelImpl.implRead(SocketChannelImpl.java:435)
	at java.base/sun.nio.ch.SocketChannelImpl.read(SocketChannelImpl.java:493)
	at io.netty.buffer.PooledByteBuf.setBytes(PooledByteBuf.java:256)
	at io.netty.buffer.AbstractByteBuf.writeBytes(AbstractByteBuf.java:1132)
	at io.netty.channel.socket.nio.NioSocketChannel.doReadBytes(NioSocketChannel.java:357)
	at io.netty.channel.nio.AbstractNioByteChannel$NioByteUnsafe.read(AbstractNioByteChannel.java:151)
	at io.netty.channel.nio.NioEventLoop.processSelectedKey(NioEventLoop.java:788)
	at io.netty.channel.nio.NioEventLoop.processSelectedKeysOptimized(NioEventLoop.java:724)
	at io.netty.channel.nio.NioEventLoop.processSelectedKeys(NioEventLoop.java:650)
	at io.netty.channel.nio.NioEventLoop.run(NioEventLoop.java:562)
	at io.netty.util.concurrent.SingleThreadEventExecutor$4.run(SingleThreadEventExecutor.java:997)
	at io.netty.util.internal.ThreadExecutorMap$2.run(ThreadExecutorMap.java:74)
	at io.netty.util.concurrent.FastThreadLocalRunnable.run(FastThreadLocalRunnable.java:30)
	at java.base/java.lang.Thread.run(Thread.java:1570)
